lib/speechutils/build/outputs/logs/manifest-merger-debug-report.txt
-- Merging decision tree log ---
manifest
ADDED from lib\speechutils\AndroidManifest.xml:2:1-5:12
INJECTED from lib\speechutils\AndroidManifest.xml:2:1-5:12
INJECTED from lib\speechutils\AndroidManifest.xml:2:1-5:12
	package
		ADDED from lib\speechutils\AndroidManifest.xml:3:5-46
		INJECTED from lib\speechutils\AndroidManifest.xml
		INJECTED from lib\speechutils\AndroidManifest.xml
	xmlns:android
		ADDED from lib\speechutils\AndroidManifest.xml:2:11-69
uses-sdk
INJECTED from lib\speechutils\AndroidManifest.xml reason: use-sdk injection requested
INJECTED from lib\speechutils\AndroidManifest.xml
INJECTED from lib\speechutils\AndroidManifest.xml
INJECTED from lib\speechutils\AndroidManifest.xml
INJECTED from lib\speechutils\AndroidManifest.xml
	android:targetSdkVersion
		INJECTED from lib\speechutils\AndroidManifest.xml
		ADDED from lib\speechutils\AndroidManifest.xml
		INJECTED from lib\speechutils\AndroidManifest.xml
	android:minSdkVersion
		INJECTED from lib\speechutils\AndroidManifest.xml
		ADDED from lib\speechutils\AndroidManifest.xml
		INJECTED from lib\speechutils\AndroidManifest.xml